----------------------------------------------------------------
Sun Oct 23 22:21:24 IST 2016:
Booting Derby version The Apache Software Foundation - Apache Derby - 10.12.1.1 - (1704137): instance a816c00e-0157-f274-347a-0000138593c0 
on database directory /tmp/1477241483908-0/derbystore/default/default with class loader sun.misc.Launcher$AppClassLoader@232204a1 
Loaded from file:/home/sanjaya/data/repo/org/apache/derby/derby/10.12.1.1/derby-10.12.1.1.jar
java.vendor=Oracle Corporation
java.runtime.version=1.8.0_111-b14
user.dir=/home/sanjaya/data/working-samples/spring-boot-distributed-transaction
os.name=Linux
os.arch=amd64
os.version=4.4.0-45-generic
derby.system.home=null
Database Class Loader started - derby.database.classpath=''
----------------------------------------------------------------
Sun Oct 23 22:21:28 IST 2016:
Shutting down instance a816c00e-0157-f274-347a-0000138593c0 on database directory /tmp/1477241483908-0/derbystore/default/default with class loader sun.misc.Launcher$AppClassLoader@232204a1 
----------------------------------------------------------------
Sun Oct 23 22:21:29 IST 2016:
Booting Derby version The Apache Software Foundation - Apache Derby - 10.12.1.1 - (1704137): instance e785811d-0157-f274-347a-0000138593c0 
on database directory /tmp/1477241489441-0/derbystore/default/default with class loader sun.misc.Launcher$AppClassLoader@232204a1 
Loaded from file:/home/sanjaya/data/repo/org/apache/derby/derby/10.12.1.1/derby-10.12.1.1.jar
java.vendor=Oracle Corporation
java.runtime.version=1.8.0_111-b14
user.dir=/home/sanjaya/data/working-samples/spring-boot-distributed-transaction
os.name=Linux
os.arch=amd64
os.version=4.4.0-45-generic
derby.system.home=null
Database Class Loader started - derby.database.classpath=''
----------------------------------------------------------------
Sun Oct 23 22:21:33 IST 2016:
Shutting down instance e785811d-0157-f274-347a-0000138593c0 on database directory /tmp/1477241489441-0/derbystore/default/default with class loader sun.misc.Launcher$AppClassLoader@232204a1 
